Arguments: 
  C:\Program Files\nodejs\node.exe C:\Users\Usuario\AppData\Roaming\npm\node_modules\yarn\bin\yarn.js add @types/celebrate -D

PATH: 
  C:\Windows\system32;C:\Windows;C:\Windows\System32\Wbem;C:\Windows\System32\WindowsPowerShell\v1.0\;C:\Windows\System32\OpenSSH\;C:\Program Files\nodejs\;C:\Program Files\Git\cmd;C:\Program Files\Microsoft SQL Server\Client SDK\ODBC\110\Tools\Binn\;C:\Program Files\Microsoft SQL Server\120\Tools\Binn\;C:\Program Files\Microsoft SQL Server\120\DTS\Binn\;C:\Program Files\Microsoft SQL Server\120\Tools\Binn\ManagementStudio\;C:\Program Files\MongoDB\Server\3.2\bin;C:\xampp\php;C:\composer;C:\Program Files\heroku;C:\ProgramData\chocolatey\bin;C:\Users\Usuario\AppData\Local\Microsoft\WindowsApps;C:\Users\Usuario\AppData\Local\Programs\Microsoft VS Code\bin;C:\Users\Usuario\AppData\Roaming\npm;C:\Program Files\MongoDB\Server\3.2\bin;C:\Program Files\MongoDB\Server\3.2\bin;C:\Users\Usuario\AppData\Roaming\Composer\vendor\bin;C:\Program Files\heroku\bin;

Yarn version: 
  1.22.15

Node version: 
  14.15.4

Platform: 
  win32 ia32

Trace: 
  Error: https://registry.yarnpkg.com/@types%2fcelebrate: Not found
      at Request.params.callback [as _callback] (C:\Users\Usuario\AppData\Roaming\npm\node_modules\yarn\lib\cli.js:66140:18)
      at Request.self.callback (C:\Users\Usuario\AppData\Roaming\npm\node_modules\yarn\lib\cli.js:140885:22)
      at Request.emit (events.js:315:20)
      at Request.<anonymous> (C:\Users\Usuario\AppData\Roaming\npm\node_modules\yarn\lib\cli.js:141857:10)
      at Request.emit (events.js:315:20)
      at IncomingMessage.<anonymous> (C:\Users\Usuario\AppData\Roaming\npm\node_modules\yarn\lib\cli.js:141779:12)
      at Object.onceWrapper (events.js:421:28)
      at IncomingMessage.emit (events.js:327:22)
      at endReadableNT (internal/streams/readable.js:1327:12)
      at processTicksAndRejections (internal/process/task_queues.js:80:21)

npm manifest: 
  {
     "name": "api-math",
     "version": "0.0.1",
     "description": "Awesome project developed with TypeORM.",
     "devDependencies": {
        "ts-node-dev": "^1.1.8",
        "@types/node": "^8.0.29",
        "typescript": "3.3.3333",
        "@types/cors": "^2.8.12",
        "@types/express": "^4.17.13"
     },
     "dependencies": {
        "@types/bcryptjs": "^2.4.2",
        "@types/jsonwebtoken": "^8.5.6",
        "bcryptjs": "^2.4.3",
        "celebrate": "^15.0.0",
        "cors": "^2.8.5",
        "express": "^4.15.4",
        "express-async-errors": "^3.1.1",
        "jsonwebtoken": "^8.5.1",
        "mongodb": "^3.0.8",
        "reflect-metadata": "^0.1.10",
        "typeorm": "0.2.41"
     },
     "scripts": {
        "start": "ts-node-dev --inspect --transpile-only --ignore-watch node_modules src/shared/http/server.ts",
        "typeorm": "node --require ts-node/register ./node_modules/typeorm/cli.js"
     }
  }

yarn manifest: 
  No manifest

Lockfile: 
  No lockfile
